{"name":"Log","hostname":"Karans-MBP.lan","pid":67992,"level":30,"msg":"Creating table: posts ","time":"2018-02-17T20:41:58.854Z","v":0}
{"name":"Log","hostname":"Karans-MBP.lan","pid":67992,"level":30,"msg":"Creating table: users ","time":"2018-02-17T20:41:58.862Z","v":0}
{"name":"Log","hostname":"Karans-MBP.lan","pid":67992,"level":30,"msg":"Creating table: roles ","time":"2018-02-17T20:41:58.868Z","v":0}
{"name":"Log","hostname":"Karans-MBP.lan","pid":67992,"level":30,"msg":"Creating table: roles_users ","time":"2018-02-17T20:41:58.872Z","v":0}
{"name":"Log","hostname":"Karans-MBP.lan","pid":67992,"level":30,"msg":"Creating table: permissions ","time":"2018-02-17T20:41:58.875Z","v":0}
{"name":"Log","hostname":"Karans-MBP.lan","pid":67992,"level":30,"msg":"Creating table: permissions_users ","time":"2018-02-17T20:41:58.881Z","v":0}
{"name":"Log","hostname":"Karans-MBP.lan","pid":67992,"level":30,"msg":"Creating table: permissions_roles ","time":"2018-02-17T20:41:58.884Z","v":0}
{"name":"Log","hostname":"Karans-MBP.lan","pid":67992,"level":30,"msg":"Creating table: permissions_apps ","time":"2018-02-17T20:41:58.886Z","v":0}
{"name":"Log","hostname":"Karans-MBP.lan","pid":67992,"level":30,"msg":"Creating table: settings ","time":"2018-02-17T20:41:58.890Z","v":0}
{"name":"Log","hostname":"Karans-MBP.lan","pid":67992,"level":30,"msg":"Creating table: tags ","time":"2018-02-17T20:41:58.894Z","v":0}
{"name":"Log","hostname":"Karans-MBP.lan","pid":67992,"level":30,"msg":"Creating table: posts_tags ","time":"2018-02-17T20:41:58.899Z","v":0}
{"name":"Log","hostname":"Karans-MBP.lan","pid":67992,"level":30,"msg":"Creating table: apps ","time":"2018-02-17T20:41:58.902Z","v":0}
{"name":"Log","hostname":"Karans-MBP.lan","pid":67992,"level":30,"msg":"Creating table: app_settings ","time":"2018-02-17T20:41:58.908Z","v":0}
{"name":"Log","hostname":"Karans-MBP.lan","pid":67992,"level":30,"msg":"Creating table: app_fields ","time":"2018-02-17T20:41:58.913Z","v":0}
{"name":"Log","hostname":"Karans-MBP.lan","pid":67992,"level":30,"msg":"Creating table: clients ","time":"2018-02-17T20:41:58.917Z","v":0}
{"name":"Log","hostname":"Karans-MBP.lan","pid":67992,"level":30,"msg":"Creating table: client_trusted_domains ","time":"2018-02-17T20:41:58.923Z","v":0}
{"name":"Log","hostname":"Karans-MBP.lan","pid":67992,"level":30,"msg":"Creating table: accesstokens ","time":"2018-02-17T20:41:58.926Z","v":0}
{"name":"Log","hostname":"Karans-MBP.lan","pid":67992,"level":30,"msg":"Creating table: refreshtokens ","time":"2018-02-17T20:41:58.931Z","v":0}
{"name":"Log","hostname":"Karans-MBP.lan","pid":67992,"level":30,"msg":"Creating table: subscribers ","time":"2018-02-17T20:41:58.936Z","v":0}
{"name":"Log","hostname":"Karans-MBP.lan","pid":67992,"level":30,"msg":"Creating table: invites ","time":"2018-02-17T20:41:58.964Z","v":0}
{"name":"Log","hostname":"Karans-MBP.lan","pid":67992,"level":30,"msg":"Creating table: brute ","time":"2018-02-17T20:41:58.971Z","v":0}
{"name":"Log","hostname":"Karans-MBP.lan","pid":67992,"level":30,"msg":"Creating table: webhooks ","time":"2018-02-17T20:41:58.974Z","v":0}
{"name":"Log","hostname":"Karans-MBP.lan","pid":67992,"level":30,"msg":"Model: Post ","time":"2018-02-17T20:41:58.982Z","v":0}
{"name":"Log","hostname":"Karans-MBP.lan","pid":67992,"level":30,"msg":"Model: Tag ","time":"2018-02-17T20:41:59.226Z","v":0}
{"name":"Log","hostname":"Karans-MBP.lan","pid":67992,"level":30,"msg":"Model: Client ","time":"2018-02-17T20:41:59.239Z","v":0}
{"name":"Log","hostname":"Karans-MBP.lan","pid":67992,"level":30,"msg":"Model: Role ","time":"2018-02-17T20:41:59.260Z","v":0}
{"name":"Log","hostname":"Karans-MBP.lan","pid":67992,"level":30,"msg":"Model: Permission ","time":"2018-02-17T20:41:59.281Z","v":0}
{"name":"Log","hostname":"Karans-MBP.lan","pid":67992,"level":30,"msg":"Model: User ","time":"2018-02-17T20:41:59.527Z","v":0}
{"name":"Log","hostname":"Karans-MBP.lan","pid":67992,"level":30,"msg":"Relation: Role to Permission ","time":"2018-02-17T20:42:00.570Z","v":0}
{"name":"Log","hostname":"Karans-MBP.lan","pid":67992,"level":30,"msg":"Relation: Post to Tag ","time":"2018-02-17T20:42:00.851Z","v":0}
{"name":"Log","hostname":"Karans-MBP.lan","pid":67992,"level":30,"msg":"Relation: User to Role ","time":"2018-02-17T20:42:00.900Z","v":0}
{"name":"Log","hostname":"Karans-MBP.lan","pid":67996,"level":40,"msg":"Theme's file locales/en.json not found. ","time":"2018-02-17T20:42:05.233Z","v":0}
{"name":"Log","hostname":"Karans-MBP.lan","pid":67996,"level":30,"msg":"Ghost is running in development... ","time":"2018-02-17T20:42:05.597Z","v":0}
{"name":"Log","hostname":"Karans-MBP.lan","pid":67996,"level":30,"msg":"Listening on: 127.0.0.1:2368 ","time":"2018-02-17T20:42:05.599Z","v":0}
{"name":"Log","hostname":"Karans-MBP.lan","pid":67996,"level":30,"msg":"Url configured as: http://localhost:2368/ ","time":"2018-02-17T20:42:05.601Z","v":0}
{"name":"Log","hostname":"Karans-MBP.lan","pid":67996,"level":30,"msg":"Ctrl+C to shut down ","time":"2018-02-17T20:42:05.602Z","v":0}
{"name":"Log","hostname":"Karans-MBP.lan","pid":67996,"level":30,"msg":"Ghost boot 2.836s ","time":"2018-02-17T20:42:05.605Z","v":0}
{"name":"Log","hostname":"Karans-MBP.lan","pid":67996,"level":30,"req":{"meta":{"requestId":"0bf88f50-1423-11e8-ace4-bb4bc5fce479","userId":null},"url":"/","method":"GET","originalUrl":"/","params":{},"headers":{"host":"localhost:2368","connection":"keep-alive","upgrade-insecure-requests":"1","user-agent":"Mozilla/5.0 (Macintosh; Intel Mac OS X 10_13_3) AppleWebKit/537.36 (KHTML, like Gecko) Chrome/64.0.3282.167 Safari/537.36","accept":"text/html,application/xhtml+xml,application/xml;q=0.9,image/webp,image/apng,*/*;q=0.8","accept-encoding":"gzip, deflate, br","accept-language":"en-US,en;q=0.9"},"body":{},"query":{}},"res":{"_headers":{"x-powered-by":"Express","cache-control":"public, max-age=0","content-type":"text/html; charset=utf-8","etag":"W/\"2ffb-8mv5dR7fPP1skPBowOWVSLXobxg\"","vary":"Accept-Encoding","content-encoding":"gzip"},"statusCode":200,"responseTime":"1023ms"},"msg":"","time":"2018-02-17T20:42:20.233Z","v":0}
{"name":"Log","hostname":"Karans-MBP.lan","pid":67996,"level":30,"req":{"meta":{"requestId":"0cb80ec0-1423-11e8-ace4-bb4bc5fce479","userId":null},"url":"/assets/built/screen.css?v=82aff6397b","method":"GET","originalUrl":"/assets/built/screen.css?v=82aff6397b","params":{},"headers":{"host":"localhost:2368","connection":"keep-alive","user-agent":"Mozilla/5.0 (Macintosh; Intel Mac OS X 10_13_3) AppleWebKit/537.36 (KHTML, like Gecko) Chrome/64.0.3282.167 Safari/537.36","accept":"text/css,*/*;q=0.1","referer":"http://localhost:2368/","accept-encoding":"gzip, deflate, br","accept-language":"en-US,en;q=0.9"},"body":{},"query":{"v":"82aff6397b"}},"res":{"_headers":{"x-powered-by":"Express","accept-ranges":"bytes","cache-control":"public, max-age=0","last-modified":"Wed, 14 Feb 2018 18:24:03 GMT","etag":"W/\"75ca-161958f29b8\"","content-type":"text/css; charset=UTF-8","vary":"Accept-Encoding","content-encoding":"gzip"},"statusCode":200,"responseTime":"59ms"},"msg":"","time":"2018-02-17T20:42:20.533Z","v":0}
{"name":"Log","hostname":"Karans-MBP.lan","pid":67996,"level":30,"req":{"meta":{"requestId":"0cbc5480-1423-11e8-ace4-bb4bc5fce479","userId":null},"url":"/public/ghost-sdk.js?v=82aff6397b","method":"GET","originalUrl":"/public/ghost-sdk.js?v=82aff6397b","params":{},"headers":{"host":"localhost:2368","connection":"keep-alive","user-agent":"Mozilla/5.0 (Macintosh; Intel Mac OS X 10_13_3) AppleWebKit/537.36 (KHTML, like Gecko) Chrome/64.0.3282.167 Safari/537.36","accept":"*/*","referer":"http://localhost:2368/","accept-encoding":"gzip, deflate, br","accept-language":"en-US,en;q=0.9"},"body":{},"query":{"v":"82aff6397b"}},"res":{"_headers":{"x-powered-by":"Express","content-type":"application/javascript","etag":"\"e1da20b87dd78426550fec843c75999b\"","cache-control":"public, max-age=3600","vary":"Accept-Encoding","content-encoding":"gzip"},"statusCode":200,"responseTime":"48ms"},"msg":"","time":"2018-02-17T20:42:20.538Z","v":0}
{"name":"Log","hostname":"Karans-MBP.lan","pid":67996,"level":30,"req":{"meta":{"requestId":"0cc86270-1423-11e8-ace4-bb4bc5fce479","userId":null},"url":"/assets/js/jquery.fitvids.js?v=82aff6397b","method":"GET","originalUrl":"/assets/js/jquery.fitvids.js?v=82aff6397b","params":{},"headers":{"host":"localhost:2368","connection":"keep-alive","user-agent":"Mozilla/5.0 (Macintosh; Intel Mac OS X 10_13_3) AppleWebKit/537.36 (KHTML, like Gecko) Chrome/64.0.3282.167 Safari/537.36","accept":"*/*","referer":"http://localhost:2368/","accept-encoding":"gzip, deflate, br","accept-language":"en-US,en;q=0.9"},"body":{},"query":{"v":"82aff6397b"}},"res":{"_headers":{"x-powered-by":"Express","accept-ranges":"bytes","cache-control":"public, max-age=0","last-modified":"Wed, 14 Feb 2018 18:24:03 GMT","etag":"W/\"d76-161958f29b8\"","content-type":"application/javascript; charset=UTF-8","vary":"Accept-Encoding","content-encoding":"gzip"},"statusCode":200,"responseTime":"4ms"},"msg":"","time":"2018-02-17T20:42:20.573Z","v":0}
{"name":"Log","hostname":"Karans-MBP.lan","pid":67996,"level":30,"req":{"meta":{"requestId":"0cc99af0-1423-11e8-ace4-bb4bc5fce479","userId":null},"url":"/assets/js/infinitescroll.js?v=82aff6397b","method":"GET","originalUrl":"/assets/js/infinitescroll.js?v=82aff6397b","params":{},"headers":{"host":"localhost:2368","connection":"keep-alive","user-agent":"Mozilla/5.0 (Macintosh; Intel Mac OS X 10_13_3) AppleWebKit/537.36 (KHTML, like Gecko) Chrome/64.0.3282.167 Safari/537.36","accept":"*/*","referer":"http://localhost:2368/","accept-encoding":"gzip, deflate, br","accept-language":"en-US,en;q=0.9"},"body":{},"query":{"v":"82aff6397b"}},"res":{"_headers":{"x-powered-by":"Express","accept-ranges":"bytes","cache-control":"public, max-age=0","last-modified":"Wed, 14 Feb 2018 18:24:03 GMT","etag":"W/\"8d6-161958f29b8\"","content-type":"application/javascript; charset=UTF-8","vary":"Accept-Encoding","content-encoding":"gzip"},"statusCode":200,"responseTime":"3ms"},"msg":"","time":"2018-02-17T20:42:20.581Z","v":0}
{"name":"Log","hostname":"Karans-MBP.lan","pid":67996,"level":30,"req":{"meta":{"requestId":"0e0c7b30-1423-11e8-ace4-bb4bc5fce479","userId":null},"url":"/favicon.ico","method":"GET","originalUrl":"/favicon.ico","params":{},"headers":{"host":"localhost:2368","connection":"keep-alive","user-agent":"Mozilla/5.0 (Macintosh; Intel Mac OS X 10_13_3) AppleWebKit/537.36 (KHTML, like Gecko) Chrome/64.0.3282.167 Safari/537.36","accept":"image/webp,image/apng,image/*,*/*;q=0.8","referer":"http://localhost:2368/","accept-encoding":"gzip, deflate, br","accept-language":"en-US,en;q=0.9"},"body":{},"query":{}},"res":{"_headers":{"x-powered-by":"Express","content-type":"image/x-icon","etag":"\"36e47e74810a0d8c32a77f495c49cf8e\"","cache-control":"public, max-age=86400","vary":"Accept-Encoding","content-encoding":"gzip"},"statusCode":200,"responseTime":"3ms"},"msg":"","time":"2018-02-17T20:42:22.696Z","v":0}
{"name":"Log","hostname":"Karans-MBP.lan","pid":67996,"level":40,"msg":"Ghost has shut down ","time":"2018-02-17T21:15:38.644Z","v":0}
